0 verbose cli /Users/maajidzargar/.nvm/versions/node/v22.13.1/bin/node /Users/maajidzargar/.nvm/versions/node/v22.13.1/bin/npm
1 info using npm@10.9.2
2 info using node@v22.13.1
3 silly config load:file:/Users/maajidzargar/.nvm/versions/node/v22.13.1/lib/node_modules/npm/npmrc
4 silly config load:file:/Users/maajidzargar/Documents/GHProjects/client_side_provider/.npmrc
5 silly config load:file:/Users/maajidzargar/.npmrc
6 silly config load:file:/Users/maajidzargar/.nvm/versions/node/v22.13.1/etc/npmrc
7 verbose title npm run lint
8 verbose argv "run" "lint" "--cache" "--fix"
9 verbose logfile logs-max:10 dir:/Users/maajidzargar/Documents/GHProjects/client_side_provider/--fix/_logs/2025-02-23T23_05_32_712Z-
10 verbose logfile /Users/maajidzargar/Documents/GHProjects/client_side_provider/--fix/_logs/2025-02-23T23_05_32_712Z-debug-0.log
11 silly logfile done cleaning log files
12 http fetch GET 200 https://registry.npmjs.org/npm 124ms
13 verbose cwd /Users/maajidzargar/Documents/GHProjects/client_side_provider
14 verbose os Darwin 23.5.0
15 verbose node v22.13.1
16 verbose npm  v10.9.2
17 notice
17 notice New [31mmajor[39m version of npm available! [31m10.9.2[39m -> [34m11.1.0[39m
17 notice Changelog: [34mhttps://github.com/npm/cli/releases/tag/v11.1.0[39m
17 notice To update run: [4mnpm install -g npm@11.1.0[24m
17 notice  { force: true, [Symbol(proc-log.meta)]: true }
18 verbose exit 1
19 verbose code 1
